{"name": "test_new_bug", "status": "broken", "statusDetails": {"message": "selenium.common.exceptions.TimeoutException: Message: \nStacktrace:\nBacktrace:\n\tOrdinal0 [0x00DF0C43+2493507]\n\tOrdinal0 [0x00D8A4B1+2073777]\n\tOrdinal0 [0x00C92608+1058312]\n\tOrdinal0 [0x00CBCAA4+1231524]\n\tOrdinal0 [0x00CE6C62+1404002]\n\tOrdinal0 [0x00CD597A+1333626]\n\tOrdinal0 [0x00CE5038+1396792]\n\tOrdinal0 [0x00CD580B+1333259]\n\tOrdinal0 [0x00CB2314+1188628]\n\tOrdinal0 [0x00CB316F+1192303]\n\tGetHandleVerifier [0x00F77BF6+1548950]\n\tGetHandleVerifier [0x0102461C+2256060]\n\tGetHandleVerifier [0x00E7C13B+518107]\n\tGetHandleVerifier [0x00E7B1E0+514176]\n\tOrdinal0 [0x00D8F53D+2094397]\n\tOrdinal0 [0x00D93418+2110488]\n\tOrdinal0 [0x00D93552+2110802]\n\tOrdinal0 [0x00D9CE81+2150017]\n\tBaseThreadInitThunk [0x75DD6739+25]\n\tRtlGetFullPathName_UEx [0x770B8AFF+1215]\n\tRtlGetFullPathName_UEx [0x770B8ACD+1165]", "trace": "self = <Test.TestCase.test_003_new_bug.TestNewBug object at 0x000002D75201CB88>\n\n    def teardown(self):\n        self.driver.refresh()\n>       bug_details_page.BugDetailsScenario(self.driver).del_bug()\n\ntest_003_new_bug.py:40: \n_ _ _ _ _ _ _ _ _ _ _ _ _ _ _ _ _ _ _ _ _ _ _ _ _ _ _ _ _ _ _ _ _ _ _ _ _ _ _ _\n..\\PageObject\\bug_details_page.py:75: in del_bug\n    self.bug_details_oper.click_del_btn()\n..\\PageObject\\bug_details_page.py:57: in click_del_btn\n    self.bug_list_page.find_del_btn().click()\n..\\PageObject\\bug_details_page.py:31: in find_del_btn\n    ele = Base(self.driver).get_element('xpath,//*[@id=\"content\"]/div[1]/a[5]')\n..\\..\\Base\\base.py:36: in get_element\n    raise e\n..\\..\\Base\\base.py:33: in get_element\n    ele = WebDriverWait(self.driver, sec, 1).until(lambda x: x.find_element(by=by, value=value))\n_ _ _ _ _ _ _ _ _ _ _ _ _ _ _ _ _ _ _ _ _ _ _ _ _ _ _ _ _ _ _ _ _ _ _ _ _ _ _ _\n\nself = <selenium.webdriver.support.wait.WebDriverWait (session=\"c6aac61697e994b5f5f7cc66bf1c6e21\")>\nmethod = <function Base.get_element.<locals>.<lambda> at 0x000002D751F59168>\nmessage = ''\n\n    def until(self, method, message=''):\n        \"\"\"Calls the method provided with the driver as an argument until the \\\n        return value does not evaluate to ``False``.\n    \n        :param method: callable(WebDriver)\n        :param message: optional message for :exc:`TimeoutException`\n        :returns: the result of the last call to `method`\n        :raises: :exc:`selenium.common.exceptions.TimeoutException` if timeout occurs\n        \"\"\"\n        screen = None\n        stacktrace = None\n    \n        end_time = time.time() + self._timeout\n        while True:\n            try:\n                value = method(self._driver)\n                if value:\n                    return value\n            except InvalidSelectorException as e:\n                raise e\n            except self._ignored_exceptions as exc:\n                screen = getattr(exc, 'screen', None)\n                stacktrace = getattr(exc, 'stacktrace', None)\n            time.sleep(self._poll)\n            if time.time() > end_time:\n                break\n>       raise TimeoutException(message, screen, stacktrace)\nE       selenium.common.exceptions.TimeoutException: Message: \nE       Stacktrace:\nE       Backtrace:\nE       \tOrdinal0 [0x00DF0C43+2493507]\nE       \tOrdinal0 [0x00D8A4B1+2073777]\nE       \tOrdinal0 [0x00C92608+1058312]\nE       \tOrdinal0 [0x00CBCAA4+1231524]\nE       \tOrdinal0 [0x00CE6C62+1404002]\nE       \tOrdinal0 [0x00CD597A+1333626]\nE       \tOrdinal0 [0x00CE5038+1396792]\nE       \tOrdinal0 [0x00CD580B+1333259]\nE       \tOrdinal0 [0x00CB2314+1188628]\nE       \tOrdinal0 [0x00CB316F+1192303]\nE       \tGetHandleVerifier [0x00F77BF6+1548950]\nE       \tGetHandleVerifier [0x0102461C+2256060]\nE       \tGetHandleVerifier [0x00E7C13B+518107]\nE       \tGetHandleVerifier [0x00E7B1E0+514176]\nE       \tOrdinal0 [0x00D8F53D+2094397]\nE       \tOrdinal0 [0x00D93418+2110488]\nE       \tOrdinal0 [0x00D93552+2110802]\nE       \tOrdinal0 [0x00D9CE81+2150017]\nE       \tBaseThreadInitThunk [0x75DD6739+25]\nE       \tRtlGetFullPathName_UEx [0x770B8AFF+1215]\nE       \tRtlGetFullPathName_UEx [0x770B8ACD+1165]\n\nD:\\anaconda3\\envs\\pytorch\\lib\\site-packages\\selenium\\webdriver\\support\\wait.py:89: TimeoutException"}, "start": 1637232326673, "stop": 1637232327298, "uuid": "87a765f3-cee4-4b9d-a051-d1c01e125d5b", "historyId": "48b3b55c3d6b1be3b17c03898cabb5aa", "testCaseId": "9cbd152fad370694dfa8d0849f05bd01", "fullName": "TestCase.test_003_new_bug.TestNewBug#test_new_bug", "labels": [{"name": "tag", "value": "L1"}, {"name": "parentSuite", "value": "TestCase"}, {"name": "suite", "value": "test_003_new_bug"}, {"name": "subSuite", "value": "TestNewBug"}, {"name": "host", "value": "LAPTOP-7ARBV4VK"}, {"name": "thread", "value": "19572-MainThread"}, {"name": "framework", "value": "pytest"}, {"name": "language", "value": "cpython3"}, {"name": "package", "value": "TestCase.test_003_new_bug"}]}